<?xml version="1.0" encoding="utf-8"?><testsuites name="pytest tests"><testsuite name="pytest" errors="0" failures="1" skipped="0" tests="14" time="1.304" timestamp="2026-01-18T21:51:07.818177+00:00" hostname="agent-env-148f1cdb-cc6c-4ca2-9ec1-3351cf10b087"><testcase classname="tests.test_cache_keywords.TestCacheAndKeywords" name="test_health_check" time="0.095" /><testcase classname="tests.test_cache_keywords.TestCacheAndKeywords" name="test_get_courses" time="0.042" /><testcase classname="tests.test_cache_keywords.TestCacheAndKeywords" name="test_get_offers" time="0.050" /><testcase classname="tests.test_cache_keywords.TestCacheAndKeywords" name="test_get_concept" time="0.044" /><testcase classname="tests.test_cache_keywords.TestCacheAndKeywords" name="test_get_payment_links" time="0.046" /><testcase classname="tests.test_cache_keywords.TestCacheAndKeywords" name="test_offer_has_keywords_field" time="0.040" /><testcase classname="tests.test_cache_keywords.TestCacheAndKeywords" name="test_create_offer_with_keywords" time="0.085" /><testcase classname="tests.test_cache_keywords.TestCacheAndKeywords" name="test_update_offer_keywords" time="0.062"><failure message="assert 422 == 200&#10; +  where 422 = &lt;Response [422]&gt;.status_code">tests/test_cache_keywords.py:133: in test_update_offer_keywords
    assert response.status_code == 200
E   assert 422 == 200
E    +  where 422 = &lt;Response [422]&gt;.status_code</failure></testcase><testcase classname="tests.test_cache_keywords.TestCacheAndKeywords" name="test_coach_login" time="0.087" /><testcase classname="tests.test_cache_keywords.TestCacheAndKeywords" name="test_coach_login_wrong_credentials" time="0.074" /><testcase classname="tests.test_cache_keywords.TestCacheAndKeywords" name="test_api_response_time" time="0.133" /><testcase classname="tests.test_cache_keywords.TestCacheAndKeywords" name="test_parallel_requests" time="0.204" /><testcase classname="tests.test_cache_keywords.TestReservationsAndDiscountCodes" name="test_get_reservations_pagination" time="0.067" /><testcase classname="tests.test_cache_keywords.TestReservationsAndDiscountCodes" name="test_get_discount_codes" time="0.065" /></testsuite></testsuites>