<?xml version="1.0" encoding="utf-8"?><testsuites name="pytest tests"><testsuite name="pytest" errors="0" failures="0" skipped="0" tests="15" time="0.974" timestamp="2026-01-23T10:51:58.965694+00:00" hostname="agent-env-8f56dd99-7376-41f5-8d19-498c37292329"><testcase classname="backend.tests.test_campaign_modification.TestCampaignModification" name="test_01_health_check" time="0.100" /><testcase classname="backend.tests.test_campaign_modification.TestCampaignModification" name="test_02_get_campaigns_returns_list" time="0.035" /><testcase classname="backend.tests.test_campaign_modification.TestCampaignModification" name="test_03_create_campaign_for_modification" time="0.041" /><testcase classname="backend.tests.test_campaign_modification.TestCampaignModification" name="test_04_get_single_campaign" time="0.041" /><testcase classname="backend.tests.test_campaign_modification.TestCampaignModification" name="test_05_update_campaign_name" time="0.080" /><testcase classname="backend.tests.test_campaign_modification.TestCampaignModification" name="test_06_update_campaign_message" time="0.073" /><testcase classname="backend.tests.test_campaign_modification.TestCampaignModification" name="test_07_update_campaign_media_url" time="0.076" /><testcase classname="backend.tests.test_campaign_modification.TestCampaignModification" name="test_08_update_campaign_target_type" time="0.077" /><testcase classname="backend.tests.test_campaign_modification.TestCampaignModification" name="test_09_update_campaign_channels" time="0.067" /><testcase classname="backend.tests.test_campaign_modification.TestCampaignModification" name="test_10_update_multiple_fields_at_once" time="0.038" /><testcase classname="backend.tests.test_campaign_modification.TestCampaignModification" name="test_11_update_nonexistent_campaign_returns_null" time="0.040" /><testcase classname="backend.tests.test_campaign_modification.TestCampaignModification" name="test_12_media_link_not_broken_after_campaign_update" time="0.032" /><testcase classname="backend.tests.test_campaign_modification.TestCampaignModification" name="test_13_cleanup_test_campaign" time="0.134" /><testcase classname="backend.tests.test_campaign_modification.TestCampaignListFields" name="test_campaigns_list_has_status_field" time="0.032" /><testcase classname="backend.tests.test_campaign_modification.TestCampaignListFields" name="test_campaigns_list_has_all_editable_fields" time="0.034" /></testsuite></testsuites>