<?xml version="1.0" encoding="utf-8"?><testsuites name="pytest tests"><testsuite name="pytest" errors="0" failures="0" skipped="0" tests="15" time="0.739" timestamp="2026-01-17T20:32:22.340926+00:00" hostname="agent-env-8eaf8a30-f26d-47e6-a1f3-c4bb6fd0ab02"><testcase classname="tests.test_visibility_regression.TestVisibilityFiltering" name="test_api_health" time="0.094" /><testcase classname="tests.test_visibility_regression.TestVisibilityFiltering" name="test_get_offers_returns_all" time="0.033" /><testcase classname="tests.test_visibility_regression.TestVisibilityFiltering" name="test_cours_unite_is_hidden" time="0.036" /><testcase classname="tests.test_visibility_regression.TestVisibilityFiltering" name="test_testorrr_is_visible" time="0.039" /><testcase classname="tests.test_visibility_regression.TestVisibilityFiltering" name="test_products_are_visible" time="0.034" /><testcase classname="tests.test_visibility_regression.TestCoursesVisibility" name="test_get_courses" time="0.036" /><testcase classname="tests.test_visibility_regression.TestCoursesVisibility" name="test_visible_courses" time="0.033" /><testcase classname="tests.test_visibility_regression.TestCoursesVisibility" name="test_hidden_course_exists" time="0.047" /><testcase classname="tests.test_visibility_regression.TestCoursesVisibility" name="test_archived_course_exists" time="0.034" /><testcase classname="tests.test_visibility_regression.TestManifestJson" name="test_manifest_endpoint" time="0.032" /><testcase classname="tests.test_visibility_regression.TestManifestJson" name="test_manifest_uses_appname" time="0.068" /><testcase classname="tests.test_visibility_regression.TestManifestJson" name="test_manifest_has_icons" time="0.032" /><testcase classname="tests.test_visibility_regression.TestConceptEndpoint" name="test_get_concept" time="0.034" /><testcase classname="tests.test_visibility_regression.TestConceptEndpoint" name="test_concept_has_appname" time="0.033" /><testcase classname="tests.test_visibility_regression.TestConceptEndpoint" name="test_concept_has_logourl" time="0.032" /></testsuite></testsuites>